<?xml version="1.0" encoding="UTF-8"?>
<!-- Generated by org.testng.reporters.JUnitReportReporter -->
<testsuite skipped="0" hostname="LAPTOP-46RMMBRN" name="test.AddCustomerTestPage" tests="1" failures="0" timestamp="2022-01-06T21:29:36 CST" time="18.367" errors="0">
  <testcase name="validUserShouldBeAbleToLogin" time="18.367" classname="test.AddCustomerTestPage"/>
  <system-out/>
</testsuite> <!-- test.AddCustomerTestPage -->
