<?xml version="1.0" encoding="UTF-8"?>
<!-- Generated by org.testng.reporters.JUnitReportReporter -->
<testsuite skipped="0" hostname="LAPTOP-46RMMBRN" name="test.AddCustomerTestPage" tests="1" failures="0" timestamp="2021-10-12T11:47:38 CDT" time="8.547" errors="0">
  <testcase name="validUserShouldBeAbleToLogin" time="8.547" classname="test.AddCustomerTestPage"/>
  <system-out/>
</testsuite> <!-- test.AddCustomerTestPage -->
