<?xml version="1.0" encoding="UTF-8"?>
<!-- Generated by org.testng.reporters.JUnitReportReporter -->
<testsuite skipped="0" hostname="LAPTOP-46RMMBRN" name="test.TotalLinks" tests="1" failures="0" timestamp="2022-01-05T21:58:06 CST" time="2.877" errors="0">
  <testcase name="linkfind" time="2.877" classname="test.TotalLinks"/>
  <system-out/>
</testsuite> <!-- test.TotalLinks -->
