<?xml version="1.0" encoding="UTF-8"?>
<!-- Generated by org.testng.reporters.JUnitReportReporter -->
<testsuite skipped="0" hostname="LAPTOP-46RMMBRN" name="test.DynamicWebTable" tests="1" failures="0" timestamp="2022-01-06T21:27:42 CST" time="10.300" errors="0">
  <testcase name="opentable" time="10.300" classname="test.DynamicWebTable"/>
  <system-out/>
</testsuite> <!-- test.DynamicWebTable -->
